INFO:  latexindent.pl version 3.17.1, 2022-04-04, a script to indent .tex files
       latexindent.pl lives here: /opt/homebrew/Cellar/latexindent/3.17.1/libexec/bin/
       Sun Feb 19 19:31:34 2023
       Filename: /Users/jordan/Dev/thesis_hnu_format/chapters/__latexindent_temp_abstract.tex
INFO:  Processing switches:
       -y|--yaml: YAML settings specified via command line
       -c|--cruft: cruft directory
INFO:  Directory for backup files and /Users/jordan/Dev/thesis_hnu_format//indent.log:
       /Users/jordan/Dev/thesis_hnu_format/
INFO:  Perl modules are being loaded from the following directories:
       /opt/homebrew/Cellar/perl/5.34.0/lib/perl5/5.34.0/FindBin.pm
       /opt/homebrew/Cellar/latexindent/3.17.1/libexec/lib/perl5/YAML/Tiny.pm
       /opt/homebrew/Cellar/perl/5.34.0/lib/perl5/5.34.0/File/Copy.pm
       /opt/homebrew/Cellar/perl/5.34.0/lib/perl5/5.34.0/File/Basename.pm
       /opt/homebrew/Cellar/perl/5.34.0/lib/perl5/5.34.0/Getopt/Long.pm
       /opt/homebrew/Cellar/latexindent/3.17.1/libexec/lib/perl5/File/HomeDir.pm
INFO:  LatexIndent perl modules are being loaded from, for example:
       /opt/homebrew/Cellar/latexindent/3.17.1/libexec/lib/perl5/LatexIndent/Document.pm
INFO:  YAML settings read: defaultSettings.yaml
       Reading defaultSettings.yaml from /opt/homebrew/Cellar/latexindent/3.17.1/libexec/bin/defaultSettings.yaml
INFO:  YAML settings read: indentconfig.yaml or .indentconfig.yaml
       Home directory is /Users/jordan (didn't find either indentconfig.yaml or .indentconfig.yaml)
       To specify user settings you would put indentconfig.yaml here: /Users/jordan/indentconfig.yaml
       Alternatively, you can use the hidden file .indentconfig.yaml as: /Users/jordan/.indentconfig.yaml
INFO:  YAML settings read: -y switch
       YAML setting: defaultIndent:'\t'
       single-quoted string found in -y switch: '\t', substitute to 	
       Updating mainSettings with defaultIndent: 	
INFO:  Phase 1: searching for objects
INFO:  Phase 2: finding surrounding indentation
INFO:  Phase 3: indenting objects
INFO:  Phase 4: final indentation check
INFO:  Output routine:
       Not outputting to file; see -w and -o switches for more options.
       --------------
INFO:  Please direct all communication/issues to:
        https://github.com/cmhughes/latexindent.pl
