\BOOKMARK [0][]{titlepage.0}{\376\377\134\001\227\142}{}% 1
\BOOKMARK [0][]{entitlepage.0}{\376\377\000T\000i\000t\000l\000e\000\040\000p\000a\000g\000e}{}% 2
\BOOKMARK [0][]{statement.0}{\376\377\123\237\122\033\140\047\130\360\146\016}{}% 3
\BOOKMARK [0][]{Doc-Start}{\376\377\133\146\117\115\213\272\145\207\123\237\122\033\140\047\130\360\146\016\124\214\133\146\117\115\213\272\145\207\162\110\147\103\117\177\165\050\143\210\147\103\116\146}{}% 4
\BOOKMARK [0][]{hnuchapter.1.0}{\376\377\144\130\000\040\211\201}{}% 5
\BOOKMARK [0][]{chapter*.1}{\376\377\144\130\000\040\211\201}{}% 6
\BOOKMARK [0][]{hnuchapter.2.0}{\376\377\000A\000b\000s\000t\000r\000a\000c\000t}{}% 7
\BOOKMARK [0][]{chapter*.2}{\376\377\000A\000b\000s\000t\000r\000a\000c\000t}{}% 8
\BOOKMARK [0][]{hnuchapter.3.0}{\376\377\166\356\000\040\137\125}{}% 9
\BOOKMARK [0][]{hnuchapter.4.0}{\376\377\143\322\126\376\175\042\137\025}{}% 10
\BOOKMARK [0][]{chapter*.4}{\376\377\143\322\126\376\175\042\137\025}{}% 11
\BOOKMARK [0][]{hnuchapter.5.0}{\376\377\226\104\210\150\175\042\137\025}{}% 12
\BOOKMARK [0][]{chapter*.5}{\376\377\226\104\210\150\175\042\137\025}{}% 13
\BOOKMARK [0][]{chapter.1}{\376\377\173\054\0001\172\340\000\040\000\040\000I\000n\000t\000r\000o\000d\000u\000c\000t\000i\000o\000n}{}% 14
\BOOKMARK [1][-]{section.1.1}{\376\377\0001\000.\0001\000\040\000M\000o\000t\000i\000v\000a\000t\000i\000o\000n}{chapter.1}% 15
\BOOKMARK [1][-]{section.1.2}{\376\377\0001\000.\0002\000\040\000M\000a\000i\000n\000\040\000C\000o\000n\000t\000r\000i\000b\000u\000t\000i\000o\000n}{chapter.1}% 16
\BOOKMARK [1][-]{section.1.3}{\376\377\0001\000.\0003\000\040\000T\000h\000e\000s\000i\000s\000\040\000S\000t\000r\000u\000c\000t\000u\000r\000e}{chapter.1}% 17
\BOOKMARK [0][]{chapter.2}{\376\377\173\054\0002\172\340\000\040\000\040\000R\000e\000l\000a\000t\000e\000d\000\040\000W\000o\000r\000k}{}% 18
\BOOKMARK [1][-]{section.2.1}{\376\377\0002\000.\0001\000\040\000A\000\040\000B\000r\000i\000e\000f\000\040\000H\000i\000s\000t\000o\000r\000y\000\040\000o\000f\000\040\000N\000e\000u\000r\000a\000l\000\040\000N\000e\000t\000w\000o\000r\000k\000s}{chapter.2}% 19
\BOOKMARK [1][-]{section.2.2}{\376\377\0002\000.\0002\000\040\000C\000o\000n\000v\000o\000l\000u\000t\000i\000o\000n\000a\000l\000\040\000N\000e\000u\000r\000a\000l\000\040\000N\000e\000t\000w\000o\000r\000k\000s\000:\000\040\000A\000\040\000C\000l\000o\000s\000e\000r\000\040\000L\000o\000o\000k}{chapter.2}% 20
\BOOKMARK [1][-]{section.2.3}{\376\377\0002\000.\0003\000\040\000A\000d\000v\000e\000r\000s\000a\000r\000i\000a\000l\000\040\000E\000x\000a\000m\000p\000l\000e\000s\000:\000\040\000A\000\040\000T\000h\000r\000e\000a\000t\000\040\000t\000o\000\040\000N\000e\000u\000r\000a\000l\000\040\000N\000e\000t\000w\000o\000r\000k\000s}{chapter.2}% 21
\BOOKMARK [1][-]{section.2.4}{\376\377\0002\000.\0004\000\040\000D\000e\000f\000e\000n\000d\000i\000n\000g\000\040\000A\000g\000a\000i\000n\000s\000t\000\040\000A\000d\000v\000e\000r\000s\000a\000r\000i\000a\000l\000\040\000E\000x\000a\000m\000p\000l\000e\000s\000:\000\040\000C\000h\000a\000l\000l\000e\000n\000g\000e\000s\000\040\000a\000n\000d\000\040\000A\000p\000p\000r\000o\000a\000c\000h\000e\000s}{chapter.2}% 22
\BOOKMARK [1][-]{section.2.5}{\376\377\0002\000.\0005\000\040\000E\000v\000a\000l\000u\000a\000t\000i\000n\000g\000\040\000D\000e\000t\000e\000c\000t\000i\000o\000n\000\040\000P\000e\000r\000f\000o\000r\000m\000a\000n\000c\000e\000:\000\040\000M\000e\000t\000r\000i\000c\000s\000\040\000a\000n\000d\000\040\000M\000e\000a\000s\000u\000r\000e\000s}{chapter.2}% 23
\BOOKMARK [0][]{chapter.3}{\376\377\173\054\0003\172\340\000\040\000\040\000E\000x\000p\000e\000r\000i\000m\000e\000n\000t\000s}{}% 24
\BOOKMARK [1][-]{section.3.1}{\376\377\0003\000.\0001\000\040\000I\000n\000t\000u\000i\000t\000i\000o\000n\000\040\000b\000e\000h\000i\000n\000d\000\040\000G\000a\000u\000s\000s\000i\000a\000n\000\040\000N\000o\000i\000s\000e\000\040\000i\000n\000\040\000A\000d\000v\000e\000r\000s\000a\000r\000i\000a\000l\000\040\000E\000x\000a\000m\000p\000l\000e\000s}{chapter.3}% 25
\BOOKMARK [1][-]{section.3.2}{\376\377\0003\000.\0002\000\040\000E\000x\000p\000e\000r\000i\000m\000e\000n\000t\000a\000l\000\040\000S\000e\000t\000t\000i\000n\000g\000s}{chapter.3}% 26
\BOOKMARK [2][-]{subsection.3.2.1}{\376\377\0003\000.\0002\000.\0001\000\040\000D\000a\000t\000a\000s\000e\000t\000s\000\040\000a\000n\000d\000\040\000M\000o\000d\000e\000l\000s}{section.3.2}% 27
\BOOKMARK [2][-]{subsection.3.2.2}{\376\377\0003\000.\0002\000.\0002\000\040\000A\000t\000t\000a\000c\000k\000s}{section.3.2}% 28
\BOOKMARK [1][-]{section.3.3}{\376\377\0003\000.\0003\000\040\000A\000s\000s\000e\000s\000s\000i\000n\000g\000\040\000R\000o\000b\000u\000s\000t\000n\000e\000s\000s}{chapter.3}% 29
\BOOKMARK [2][-]{subsection.3.3.1}{\376\377\0003\000.\0003\000.\0001\000\040\000M\000e\000a\000s\000u\000r\000i\000n\000g\000\040\000C\000o\000n\000s\000i\000s\000t\000e\000n\000c\000y\000:\000\040\000A\000\040\000M\000e\000t\000r\000i\000c\000\040\000f\000o\000r\000\040\000A\000s\000s\000e\000s\000s\000i\000n\000g\000\040\000R\000o\000b\000u\000s\000t\000n\000e\000s\000s}{section.3.3}% 30
\BOOKMARK [2][-]{subsection.3.3.2}{\376\377\0003\000.\0003\000.\0002\000\040\000A\000n\000a\000l\000y\000z\000i\000n\000g\000\040\000t\000h\000e\000\040\000E\000f\000f\000e\000c\000t\000\040\000o\000f\000\040\000R\000a\000n\000d\000o\000m\000\040\000P\000e\000r\000t\000u\000r\000b\000a\000t\000i\000o\000n\000s\000\040\000o\000n\000\040\000O\000u\000t\000p\000u\000t\000\040\000L\000o\000g\000i\000t\000s}{section.3.3}% 31
\BOOKMARK [0][]{chapter.4}{\376\377\173\054\0004\172\340\000\040\000\040\000P\000r\000o\000p\000o\000s\000e\000d\000\040\000M\000e\000t\000h\000o\000d\000o\000l\000o\000g\000y}{}% 32
\BOOKMARK [1][-]{section.4.1}{\376\377\0004\000.\0001\000\040\000N\000o\000i\000s\000e\000-\000A\000i\000d\000e\000d\000\040\000A\000d\000v\000e\000r\000s\000a\000r\000i\000a\000l\000\040\000E\000x\000a\000m\000p\000l\000e\000\040\000D\000e\000t\000e\000c\000t\000i\000o\000n\000\040\000\050\000N\000A\000E\000D\000\051\000\040\000M\000e\000t\000h\000o\000d}{chapter.4}% 33
\BOOKMARK [2][-]{subsection.4.1.1}{\376\377\0004\000.\0001\000.\0001\000\040\000I\000m\000p\000l\000e\000m\000e\000n\000t\000a\000t\000i\000o\000n\000\040\000o\000f\000\040\000t\000h\000e\000\040\000N\000A\000E\000D\000\040\000M\000e\000t\000h\000o\000d}{section.4.1}% 34
\BOOKMARK [1][-]{section.4.2}{\376\377\0004\000.\0002\000\040\000P\000r\000e\000d\000i\000c\000t\000i\000o\000n\000s\000\040\000D\000i\000f\000f\000e\000r\000e\000n\000c\000e\000s\000:\000\040\000T\000w\000o\000\040\000s\000c\000o\000r\000e\000s}{chapter.4}% 35
\BOOKMARK [1][-]{section.4.3}{\376\377\0004\000.\0003\000\040\000T\000h\000r\000e\000s\000h\000o\000l\000d\000-\000b\000a\000s\000e\000d\000\040\000D\000e\000t\000e\000c\000t\000i\000o\000n\000:\000\040\000A\000\040\000M\000e\000t\000h\000o\000d\000-\000S\000p\000e\000c\000i\000f\000i\000c\000\040\000A\000p\000p\000r\000o\000a\000c\000h}{chapter.4}% 36
\BOOKMARK [1][-]{section.4.4}{\376\377\0004\000.\0004\000\040\000A\000d\000a\000p\000t\000i\000n\000g\000\040\000t\000o\000\040\000P\000r\000o\000d\000u\000c\000t\000i\000o\000n\000:\000\040\000M\000e\000t\000h\000o\000d\000-\000A\000g\000n\000o\000s\000t\000i\000c\000\040\000A\000p\000p\000r\000o\000a\000c\000h}{chapter.4}% 37
\BOOKMARK [2][-]{subsection.4.4.1}{\376\377\0004\000.\0004\000.\0001\000\040\000T\000h\000r\000e\000s\000h\000o\000l\000d\000\040\000a\000n\000d\000\040\000N\000o\000i\000s\000e\000\040\000I\000n\000t\000e\000n\000s\000i\000t\000y\000\040\000S\000e\000l\000e\000c\000t\000i\000o\000n}{section.4.4}% 38
\BOOKMARK [1][-]{section.4.5}{\376\377\0004\000.\0005\000\040\000D\000e\000t\000e\000c\000t\000i\000o\000n\000\040\000R\000e\000s\000u\000l\000t\000s\000\040\000a\000n\000d\000\040\000P\000e\000r\000f\000o\000r\000m\000a\000n\000c\000e\000\040\000A\000n\000a\000l\000y\000s\000i\000s}{chapter.4}% 39
\BOOKMARK [2][-]{subsection.4.5.1}{\376\377\0004\000.\0005\000.\0001\000\040\000A\000\040\000R\000e\000a\000l\000-\000W\000o\000r\000l\000d\000\040\000E\000x\000a\000m\000p\000l\000e\000:\000\040\000S\000h\000o\000w\000c\000a\000s\000i\000n\000g\000\040\000t\000h\000e\000\040\000M\000e\000t\000h\000o\000d\000\040\000o\000n\000\040\000a\000\040\000S\000a\000m\000p\000l\000e}{section.4.5}% 40
\BOOKMARK [0][]{chapter.5}{\376\377\173\054\0005\172\340\000\040\000\040\000D\000i\000s\000c\000u\000s\000s\000i\000o\000n\000\040\000a\000n\000d\000\040\000F\000u\000t\000u\000r\000e\000\040\000W\000o\000r\000k}{}% 41
\BOOKMARK [1][-]{section.5.1}{\376\377\0005\000.\0001\000\040\000A\000d\000d\000r\000e\000s\000s\000i\000n\000g\000\040\000L\000o\000w\000-\000R\000e\000s\000o\000l\000u\000t\000i\000o\000n\000\040\000I\000m\000a\000g\000e\000s}{chapter.5}% 42
\BOOKMARK [1][-]{section.5.2}{\376\377\0005\000.\0002\000\040\000A\000d\000a\000p\000t\000i\000n\000g\000\040\000t\000o\000\040\000A\000d\000a\000p\000t\000i\000v\000e\000\040\000A\000d\000v\000e\000r\000s\000a\000r\000i\000e\000s}{chapter.5}% 43
\BOOKMARK [1][-]{section.5.3}{\376\377\0005\000.\0003\000\040\000P\000o\000t\000e\000n\000t\000i\000a\000l\000\040\000I\000m\000p\000r\000o\000v\000e\000m\000e\000n\000t\000s\000\040\000a\000n\000d\000\040\000N\000e\000x\000t\000\040\000S\000t\000e\000p\000s}{chapter.5}% 44
\BOOKMARK [2][-]{subsection.5.3.1}{\376\377\0005\000.\0003\000.\0001\000\040\000P\000e\000a\000k\000\040\000D\000e\000t\000e\000c\000t\000i\000o\000n\000\040\000A\000n\000a\000l\000y\000s\000i\000s}{section.5.3}% 45
\BOOKMARK [2][-]{subsection.5.3.2}{\376\377\0005\000.\0003\000.\0002\000\040\000E\000n\000h\000a\000n\000c\000i\000n\000g\000\040\000D\000e\000t\000e\000c\000t\000i\000o\000n\000\040\000P\000e\000r\000f\000o\000r\000m\000a\000n\000c\000e\000\040\000w\000i\000t\000h\000\040\000D\000a\000t\000a\000\040\000A\000u\000g\000m\000e\000n\000t\000a\000t\000i\000o\000n\000\040\000a\000n\000d\000\040\000O\000t\000h\000e\000r\000\040\000T\000e\000c\000h\000n\000i\000q\000u\000e\000s}{section.5.3}% 46
\BOOKMARK [0][]{hnuchapter.6.0}{\376\377\140\073\176\323\116\016\134\125\147\033}{}% 47
\BOOKMARK [0][]{chapter*.35}{\376\377\140\073\176\323\116\016\134\125\147\033}{}% 48
\BOOKMARK [0][]{chapter*.36}{\376\377\123\302\200\003\145\207\163\056}{}% 49
\BOOKMARK [0][]{chapter*.37}{\376\377\201\364\000\040\214\042}{}% 50
