mktextfm SimSun/OT
mktextfm SimSun/OT
mktextfm SimSun/OT
mktextfm SimSun/BI/OT
mktextfm SimSun/OT
mktextfm SimSun/B/OT
mktextfm SimSun/OT
mktextfm SimSun/I/OT
mktextfm SimSun/OT
mktextfm SimSun/OT
mktextfm SimHei/OT
mktextfm SimHei/OT
mktextfm SimHei/OT
mktextfm SimHei/BI/OT
mktextfm SimHei/OT
mktextfm SimHei/B/OT
mktextfm SimHei/OT
mktextfm SimHei/I/OT
mktextfm SimHei/OT
mktextfm SimHei/OT
mktextfm SimHei/OT
mktextfm SimHei/OT
mktextfm SimSun/OT
mktextfm SimHei/OT
mktextfm SimHei/OT
mktextfm SimSun/OT
mktextfm SimHei/OT
mktextfm SimSun/OT
mktextfm SimHei/OT
mktextfm SimHei/OT
mktextfm SimSun/OT
mktextfm SimSun/OT
mktextfm SimSun/OT
